<?xml version="1.0" encoding="UTF-8"?>
<!-- Generated by org.testng.reporters.JUnitReportReporter -->
<testsuite hostname="HME1487-Ashik-MacBook.local" failures="0" tests="2" name="testCases.LoginTestCase" time="111.459" errors="0" timestamp="2025-03-09T18:50:29 IST" skipped="0">
  <testcase classname="testCases.LoginTestCase" name="logintest" time="48.069"/>
  <testcase classname="testCases.LoginTestCase" name="logintest" time="63.390"/>
</testsuite> <!-- testCases.LoginTestCase -->
