<?xml version="1.0" encoding="UTF-8"?>
<!-- Generated by org.testng.reporters.JUnitReportReporter -->
<testsuite hostname="HME1487-Ashik-MacBook.local" failures="0" tests="2" name="testCases.LoginTestCase" time="125.820" errors="0" timestamp="2025-03-09T18:23:39 IST" skipped="0">
  <testcase classname="testCases.LoginTestCase" name="logintest" time="84.179"/>
  <testcase classname="testCases.LoginTestCase" name="logintest" time="41.641"/>
</testsuite> <!-- testCases.LoginTestCase -->
