<?xml version="1.0" encoding="UTF-8"?>
<!-- Generated by org.testng.reporters.JUnitReportReporter -->
<testsuite hostname="HME1487-Ashik-MacBook.local" failures="0" tests="2" name="testCases.LoginTestCase" time="121.871" errors="0" timestamp="2025-03-09T22:16:19 IST" skipped="0">
  <testcase classname="testCases.LoginTestCase" name="logintest" time="67.499"/>
  <testcase classname="testCases.LoginTestCase" name="logintest" time="54.372"/>
</testsuite> <!-- testCases.LoginTestCase -->
