<?xml version="1.0" encoding="UTF-8"?>
<!-- Generated by org.testng.reporters.JUnitReportReporter -->
<testsuite hostname="HME1487-Ashik-MacBook.local" failures="0" tests="1" name="testCases.LoginTestCase" time="40.928" errors="0" timestamp="2025-03-09T17:13:35 IST" skipped="0">
  <testcase classname="testCases.LoginTestCase" name="logintest" time="40.928"/>
</testsuite> <!-- testCases.LoginTestCase -->
